[12Aug2025 00:00:40.872] [Server thread/INFO] [net.minecraft.server.dedicated.DedicatedServer/]: Raven2332 was slain by Zombie
[12Aug2025 00:00:42.004] [Server thread/INFO] [net.minecraft.server.dedicated.DedicatedServer/]: No player was found
[12Aug2025 00:00:42.005] [Server thread/INFO] [tac/]: PENDING
[12Aug2025 00:02:55.623] [Server thread/INFO] [net.minecraft.server.dedicated.DedicatedServer/]: Raven2332 was slain by Husk
[12Aug2025 00:02:56.667] [Server thread/INFO] [net.minecraft.server.dedicated.DedicatedServer/]: No player was found
[12Aug2025 00:02:56.667] [Server thread/INFO] [tac/]: PENDING
[12Aug2025 00:05:32.174] [Server thread/INFO] [net.minecraft.server.dedicated.DedicatedServer/]: Raven2332 was slain by Zombie
[12Aug2025 00:05:33.481] [Server thread/INFO] [net.minecraft.server.dedicated.DedicatedServer/]: No player was found
[12Aug2025 00:05:33.481] [Server thread/INFO] [tac/]: PENDING
[12Aug2025 00:06:05.822] [Server thread/INFO] [net.minecraft.server.dedicated.DedicatedServer/]: Raven2332 was slain by Zombie
[12Aug2025 00:06:07.280] [Server thread/INFO] [net.minecraft.server.dedicated.DedicatedServer/]: No player was found
[12Aug2025 00:06:07.280] [Server thread/INFO] [tac/]: PENDING
[12Aug2025 00:07:11.522] [Server thread/INFO] [net.minecraft.server.dedicated.DedicatedServer/]: MichiDAce was slain by Husk
[12Aug2025 00:07:12.780] [Server thread/INFO] [net.minecraft.server.dedicated.DedicatedServer/]: No player was found
[12Aug2025 00:07:12.780] [Server thread/INFO] [tac/]: PENDING
[12Aug2025 00:07:15.972] [Server thread/INFO] [net.minecraft.server.dedicated.DedicatedServer/]: Raven2332 was slain by Zombie
[12Aug2025 00:07:21.309] [Server thread/INFO] [net.minecraft.server.dedicated.DedicatedServer/]: No player was found
[12Aug2025 00:07:21.309] [Server thread/INFO] [tac/]: PENDING
[12Aug2025 00:08:02.729] [Server thread/INFO] [net.minecraft.server.dedicated.DedicatedServer/]: MichiDAce was slain by Zombie
[12Aug2025 00:08:03.946] [Server thread/INFO] [net.minecraft.server.dedicated.DedicatedServer/]: No player was found
[12Aug2025 00:08:03.947] [Server thread/INFO] [tac/]: PENDING
[12Aug2025 00:08:18.124] [Server thread/INFO] [net.minecraft.server.dedicated.DedicatedServer/]: Raven2332 was slain by Zombie
[12Aug2025 00:08:19.381] [Server thread/INFO] [net.minecraft.server.dedicated.DedicatedServer/]: No player was found
[12Aug2025 00:08:19.381] [Server thread/INFO] [tac/]: PENDING
[12Aug2025 00:08:47.174] [Server thread/INFO] [net.minecraft.server.dedicated.DedicatedServer/]: [Raven2332: Teleported Raven2332 to 250.500000, 96.500000, -106.500000]
[12Aug2025 00:08:52.723] [Server thread/INFO] [net.minecraft.server.dedicated.DedicatedServer/]: MichiDAce was slain by Zombie
[12Aug2025 00:08:53.818] [Server thread/INFO] [net.minecraft.server.dedicated.DedicatedServer/]: No player was found
[12Aug2025 00:08:53.818] [Server thread/INFO] [tac/]: PENDING
[12Aug2025 00:09:00.023] [Server thread/INFO] [net.minecraft.server.dedicated.DedicatedServer/]: Raven2332 was slain by Zombie
[12Aug2025 00:09:01.135] [Server thread/INFO] [net.minecraft.server.dedicated.DedicatedServer/]: No player was found
[12Aug2025 00:09:01.135] [Server thread/INFO] [tac/]: PENDING
[12Aug2025 00:09:31.874] [Server thread/INFO] [net.minecraft.server.dedicated.DedicatedServer/]: MichiDAce was slain by Zombie
[12Aug2025 00:09:32.979] [Server thread/INFO] [net.minecraft.server.dedicated.DedicatedServer/]: No player was found
[12Aug2025 00:09:32.979] [Server thread/INFO] [tac/]: PENDING
[12Aug2025 00:09:48.573] [Server thread/INFO] [net.minecraft.server.dedicated.DedicatedServer/]: Raven2332 was slain by Zombie
[12Aug2025 00:09:49.681] [Server thread/INFO] [net.minecraft.server.dedicated.DedicatedServer/]: No player was found
[12Aug2025 00:09:49.682] [Server thread/INFO] [tac/]: PENDING
[12Aug2025 00:10:27.445] [Server thread/INFO] [net.minecraft.server.dedicated.DedicatedServer/]: [Raven2332: Teleported Raven2332 to 234.500000, 108.500000, -102.500000]
[12Aug2025 00:11:15.174] [Server thread/INFO] [de.melanx.simplebackups.SimpleBackups/]: Backup done.
[12Aug2025 00:11:15.174] [SimpleBackups/INFO] [de.melanx.simplebackups.BackupThread/]: Successfully deleted "world_2025-08-09_07-03-00.zip"
[12Aug2025 00:12:45.457] [Server thread/INFO] [net.minecraft.server.dedicated.DedicatedServer/]: [Raven2332: Teleported MichiDAce to Raven2332]
[12Aug2025 00:12:56.198] [Server thread/INFO] [net.minecraft.server.dedicated.DedicatedServer/]: MichiDAce was slain by Raven2332
[12Aug2025 00:12:57.501] [Server thread/INFO] [net.minecraft.server.dedicated.DedicatedServer/]: No player was found
[12Aug2025 00:12:57.502] [Server thread/INFO] [tac/]: PENDING
[12Aug2025 00:13:17.394] [Server thread/INFO] [net.minecraft.server.dedicated.DedicatedServer/]: [Raven2332: Teleported MichiDAce to Raven2332]
